Unknown:
C:\Users\madsl\Dropbox\AAU\EIT 7. sem\P7\Python6_stuff\MachineLearning\CST files\MIFA\Result\farfield (f=1750)_1.fme
C:\Users\madsl\Dropbox\AAU\EIT 7. sem\P7\Python6_stuff\MachineLearning\CST files\MIFA\Result\farfield (f=3000)_1.fme
C:\Users\madsl\Dropbox\AAU\EIT 7. sem\P7\Python6_stuff\MachineLearning\CST files\MIFA\Result\farfield (f=500)_1.fme
C:\Users\madsl\Dropbox\AAU\EIT 7. sem\P7\Python6_stuff\MachineLearning\CST files\MIFA\Result\hardware_resources.sconf
C:\Users\madsl\Dropbox\AAU\EIT 7. sem\P7\Python6_stuff\MachineLearning\CST files\MIFA\Result\Hex.gap
C:\Users\madsl\Dropbox\AAU\EIT 7. sem\P7\Python6_stuff\MachineLearning\CST files\MIFA\Result\MCalc.ddi
C:\Users\madsl\Dropbox\AAU\EIT 7. sem\P7\Python6_stuff\MachineLearning\CST files\MIFA\Result\MCalc.log
C:\Users\madsl\Dropbox\AAU\EIT 7. sem\P7\Python6_stuff\MachineLearning\CST files\MIFA\Result\ml_info.log
C:\Users\madsl\Dropbox\AAU\EIT 7. sem\P7\Python6_stuff\MachineLearning\CST files\MIFA\Result\Model.axg
C:\Users\madsl\Dropbox\AAU\EIT 7. sem\P7\Python6_stuff\MachineLearning\CST files\MIFA\Result\Model.coco
C:\Users\madsl\Dropbox\AAU\EIT 7. sem\P7\Python6_stuff\MachineLearning\CST files\MIFA\Result\Model.ddi
C:\Users\madsl\Dropbox\AAU\EIT 7. sem\P7\Python6_stuff\MachineLearning\CST files\MIFA\Result\Model.log
C:\Users\madsl\Dropbox\AAU\EIT 7. sem\P7\Python6_stuff\MachineLearning\CST files\MIFA\Result\Model.sa
C:\Users\madsl\Dropbox\AAU\EIT 7. sem\P7\Python6_stuff\MachineLearning\CST files\MIFA\Result\Model.sam
C:\Users\madsl\Dropbox\AAU\EIT 7. sem\P7\Python6_stuff\MachineLearning\CST files\MIFA\Result\ModelPBA.axg
C:\Users\madsl\Dropbox\AAU\EIT 7. sem\P7\Python6_stuff\MachineLearning\CST files\MIFA\Result\m^fifx.dsc
C:\Users\madsl\Dropbox\AAU\EIT 7. sem\P7\Python6_stuff\MachineLearning\CST files\MIFA\Result\m^fqq.dsc
C:\Users\madsl\Dropbox\AAU\EIT 7. sem\P7\Python6_stuff\MachineLearning\CST files\MIFA\Result\Ports.web
C:\Users\madsl\Dropbox\AAU\EIT 7. sem\P7\Python6_stuff\MachineLearning\CST files\MIFA\Result\PP-MCalc.log
C:\Users\madsl\Dropbox\AAU\EIT 7. sem\P7\Python6_stuff\MachineLearning\CST files\MIFA\Result\PP-Prio.log
C:\Users\madsl\Dropbox\AAU\EIT 7. sem\P7\Python6_stuff\MachineLearning\CST files\MIFA\Result\p^a.dsc
C:\Users\madsl\Dropbox\AAU\EIT 7. sem\P7\Python6_stuff\MachineLearning\CST files\MIFA\Result\P^m^fbqq.slog
C:\Users\madsl\Dropbox\AAU\EIT 7. sem\P7\Python6_stuff\MachineLearning\CST files\MIFA\Result\P^m^fqq.slog
C:\Users\madsl\Dropbox\AAU\EIT 7. sem\P7\Python6_stuff\MachineLearning\CST files\MIFA\Result\P^p^m.slog
C:\Users\madsl\Dropbox\AAU\EIT 7. sem\P7\Python6_stuff\MachineLearning\CST files\MIFA\Result\P^s^pm.slog
C:\Users\madsl\Dropbox\AAU\EIT 7. sem\P7\Python6_stuff\MachineLearning\CST files\MIFA\Result\WEP.log
Mesh:
C:\Users\madsl\Dropbox\AAU\EIT 7. sem\P7\Python6_stuff\MachineLearning\CST files\MIFA\Result\dA.mat
C:\Users\madsl\Dropbox\AAU\EIT 7. sem\P7\Python6_stuff\MachineLearning\CST files\MIFA\Result\dad.mat
C:\Users\madsl\Dropbox\AAU\EIT 7. sem\P7\Python6_stuff\MachineLearning\CST files\MIFA\Result\ds.mat
C:\Users\madsl\Dropbox\AAU\EIT 7. sem\P7\Python6_stuff\MachineLearning\CST files\MIFA\Result\dsd.mat
C:\Users\madsl\Dropbox\AAU\EIT 7. sem\P7\Python6_stuff\MachineLearning\CST files\MIFA\Result\dsMCalc.mat
C:\Users\madsl\Dropbox\AAU\EIT 7. sem\P7\Python6_stuff\MachineLearning\CST files\MIFA\Result\Eps.mat
C:\Users\madsl\Dropbox\AAU\EIT 7. sem\P7\Python6_stuff\MachineLearning\CST files\MIFA\Result\HexMatrix.m2h
C:\Users\madsl\Dropbox\AAU\EIT 7. sem\P7\Python6_stuff\MachineLearning\CST files\MIFA\Result\HexMatrix^f^d^1.m2h
C:\Users\madsl\Dropbox\AAU\EIT 7. sem\P7\Python6_stuff\MachineLearning\CST files\MIFA\Result\HexMatrix^f^d^4.m2h
C:\Users\madsl\Dropbox\AAU\EIT 7. sem\P7\Python6_stuff\MachineLearning\CST files\MIFA\Result\HexMatrix^f^n^1.m2h
C:\Users\madsl\Dropbox\AAU\EIT 7. sem\P7\Python6_stuff\MachineLearning\CST files\MIFA\Result\HexMatrix_MCalc.m2h
C:\Users\madsl\Dropbox\AAU\EIT 7. sem\P7\Python6_stuff\MachineLearning\CST files\MIFA\Result\Kappa.mat
C:\Users\madsl\Dropbox\AAU\EIT 7. sem\P7\Python6_stuff\MachineLearning\CST files\MIFA\Result\MCalc.fmp
C:\Users\madsl\Dropbox\AAU\EIT 7. sem\P7\Python6_stuff\MachineLearning\CST files\MIFA\Result\MCalc.xcfd
C:\Users\madsl\Dropbox\AAU\EIT 7. sem\P7\Python6_stuff\MachineLearning\CST files\MIFA\Result\MCalcCCS_c.mson
C:\Users\madsl\Dropbox\AAU\EIT 7. sem\P7\Python6_stuff\MachineLearning\CST files\MIFA\Result\Meta.m2h
C:\Users\madsl\Dropbox\AAU\EIT 7. sem\P7\Python6_stuff\MachineLearning\CST files\MIFA\Result\Model-fmf.msqlite
C:\Users\madsl\Dropbox\AAU\EIT 7. sem\P7\Python6_stuff\MachineLearning\CST files\MIFA\Result\Model.cct
C:\Users\madsl\Dropbox\AAU\EIT 7. sem\P7\Python6_stuff\MachineLearning\CST files\MIFA\Result\Model.fmf
C:\Users\madsl\Dropbox\AAU\EIT 7. sem\P7\Python6_stuff\MachineLearning\CST files\MIFA\Result\Model.fmm
C:\Users\madsl\Dropbox\AAU\EIT 7. sem\P7\Python6_stuff\MachineLearning\CST files\MIFA\Result\Model.fpc
C:\Users\madsl\Dropbox\AAU\EIT 7. sem\P7\Python6_stuff\MachineLearning\CST files\MIFA\Result\Model.fwf
C:\Users\madsl\Dropbox\AAU\EIT 7. sem\P7\Python6_stuff\MachineLearning\CST files\MIFA\Result\Model.sid
C:\Users\madsl\Dropbox\AAU\EIT 7. sem\P7\Python6_stuff\MachineLearning\CST files\MIFA\Result\Model.spi
C:\Users\madsl\Dropbox\AAU\EIT 7. sem\P7\Python6_stuff\MachineLearning\CST files\MIFA\Result\Model.xcfd
C:\Users\madsl\Dropbox\AAU\EIT 7. sem\P7\Python6_stuff\MachineLearning\CST files\MIFA\Result\Mue.mat
C:\Users\madsl\Dropbox\AAU\EIT 7. sem\P7\Python6_stuff\MachineLearning\CST files\MIFA\Result\m^fqq.mem
C:\Users\madsl\Dropbox\AAU\EIT 7. sem\P7\Python6_stuff\MachineLearning\CST files\MIFA\Result\PEC.mat
C:\Users\madsl\Dropbox\AAU\EIT 7. sem\P7\Python6_stuff\MachineLearning\CST files\MIFA\Result\Ports.fpt
C:\Users\madsl\Dropbox\AAU\EIT 7. sem\P7\Python6_stuff\MachineLearning\CST files\MIFA\Result\p^a.mem
C:\Users\madsl\Dropbox\AAU\EIT 7. sem\P7\Python6_stuff\MachineLearning\CST files\MIFA\Result\p^m.mem
C:\Users\madsl\Dropbox\AAU\EIT 7. sem\P7\Python6_stuff\MachineLearning\CST files\MIFA\Result\S2HMatrix.m2h
C:\Users\madsl\Dropbox\AAU\EIT 7. sem\P7\Python6_stuff\MachineLearning\CST files\MIFA\Result\Shapes.con
C:\Users\madsl\Dropbox\AAU\EIT 7. sem\P7\Python6_stuff\MachineLearning\CST files\MIFA\Result\s^pm.mem
Port:
C:\Users\madsl\Dropbox\AAU\EIT 7. sem\P7\Python6_stuff\MachineLearning\CST files\MIFA\Result\Model.pmi
