>>>>>>>>>>>>>>>>>>>>>>>>>>>>
2023 Oct 27 (Fri):  04:30:48
>>>>>>>>>>>>>>>>>>>>>>>>>>>>

======================================================
 - pinning rule in use   : PINNING_RULE_MCALC_SKIP_ALL
 - desired group         : 0, sockets = 0
 - num cores available   : 16
 - num accessible procs          : 16
 - num logical procs             : 16
 - affinity (main thread)        : 11111111 11111111 
 - sockets                       : 0
 - potential cores               : 0,2,4,6,8,10,12,14
 - affinity                      : 11111111
 - active cores          : 0,2,4,6,8,10,12,14
 - hyperthreading        : on
 - allowed core ids      : 0,2,4,6,8,10,12,14
 - allowed core ids (aff): 10101010 10101010 
 - used mask (string)    : 10101010 10101010 
======================================================

Version: 2021.5 Release from 2021-06-28 (change 882846) [Release]
Started @ 2023 Oct 27 (Fri):  04:30:48
Workflow: QQ-Facets
Operation: [acis, fpba, bg]
Architecture: Windows, ID: AMD64
System Windows-64bit
Using processor group 0/1
HEX Mesh information:
[Global mesh]
	global O(0 0 0) 	global S(60 41 41) Z(100859)
========================================================================
Processing CAD model (for field results)
	[Improved internal geometry representation]
	[Accuracy improvement for long shapes in inhomogeneous mesh regions]
Version 2021.5 (build 20210628)
PBA version 0
Sub-Workflow: Facets-QQ-GEX
Workflow updated: -
2023 Oct 27 (Fri):  04:30:48
========================================================================

===========================================
Finished CAD processing (for field results)
===========================================

<<<<<<<<<<<<<<<<<<<<<<<<<<<<<<<<<<<<<<<<
2023 Oct 27 (Fri):  04:30:49
Resource usage for processing CAD model:
<<<<<<<<<<<<<<<<<<<<<<<<<<<<<<<<<<<<<<<<

>>>>>>>>>>>>>>>>>>>>>>>>>>>>
2023 Oct 27 (Fri):  04:30:49
>>>>>>>>>>>>>>>>>>>>>>>>>>>>

========================================================================
Processing CAD model
	[Improved internal geometry representation]
	[Accuracy improvement for long shapes in inhomogeneous mesh regions]
Version 2021.5 (build 20210628)
PBA version 0
Sub-Workflow: Facets-QQ-GEX
Workflow updated: -
2023 Oct 27 (Fri):  04:30:49
========================================================================

----------------------------------------------
Used point accuracy enhancement value: 64.00%.
----------------------------------------------

=============================================================================
Mesh statistics:
-----------------------------------------------------------------------------
Minimum edge length (x): 0.5 @ mesh line 10 (x)
Maximum edge length (x): 6.63 @ mesh line 19 (x)
Minimum face area (x): 0.16 @ mesh lines 21 | 27 (y | z)
Maximum face area (x): 35.1 @ mesh lines 39 | 39 (y | z)
Minimum edge length (y): 0.4 @ mesh line 21 (y)
Maximum edge length (y): 5.92 @ mesh line 39 (y)
Minimum face area (y): 0.2 @ mesh lines 27 | 10 (z | x)
Maximum face area (y): 39.3 @ mesh lines 39 | 19 (z | x)
Minimum edge length (z): 0.4 @ mesh line 27 (z)
Maximum edge length (z): 5.92 @ mesh line 39 (z)
Minimum face area (z): 0.2 @ mesh lines 10 | 21 (x | y)
Maximum face area (z): 39.3 @ mesh lines 19 | 39 (x | y)
Maximum mesh face aspect ratio (x): 14.8 : 1.0  @ mesh lines 39 | 27 (y | z)
Maximum mesh face aspect ratio (y): 16.6 : 1.0  @ mesh lines 27 | 19 (z | x)
Maximum mesh face aspect ratio (z): 16.6 : 1.0  @ mesh lines 19 | 21 (x | y)
=============================================================================

=============================================================================
Available resources to store TST cells: 2147382787 (2129072.76% of mesh size)
=============================================================================

==============================================================================================================================================================================
== CST Matrix Calculation Priority Log                                                                                                                                      ==
==============================================================================================================================================================================
 
Priorities are sorted in ascending order beginning with the lowest priority
 
Priority-group:   1, shape   5: </cst/Boundaries/> Low^X,   material: $NFSMaterial$,  user-priority: 0,  material-attributes: normal.vacuum,  shape-attributes: boundary,   
Priority-group:   1, shape   6: </cst/Boundaries/> Low^Y,   material: $NFSMaterial$,  user-priority: 0,  material-attributes: normal.vacuum,  shape-attributes: boundary,   
Priority-group:   1, shape   7: </cst/Boundaries/> Low^Z,   material: $NFSMaterial$,  user-priority: 0,  material-attributes: normal.vacuum,  shape-attributes: boundary,   
Priority-group:   1, shape   8: </cst/Boundaries/> Up^X,    material: $NFSMaterial$,  user-priority: 0,  material-attributes: normal.vacuum,  shape-attributes: boundary,   
Priority-group:   1, shape   9: </cst/Boundaries/> Up^Y,    material: $NFSMaterial$,  user-priority: 0,  material-attributes: normal.vacuum,  shape-attributes: boundary,   
Priority-group:   1, shape  10: </cst/Boundaries/> Up^Z,    material: $NFSMaterial$,  user-priority: 0,  material-attributes: normal.vacuum,  shape-attributes: boundary,   
Priority-group:   2, shape   3: </cst/Ports/> 1^t0, material: PEC,    user-priority: 0,  material-attributes: pec,    shape-attributes: edge-element.wire,  
Priority-group:   2, shape   4: </cst/Ports/> 1^t1, material: PEC,    user-priority: 0,  material-attributes: pec,    shape-attributes: edge-element.wire,  
Priority-group:   3, shape   1: component1:Ground_plane,    material: PEC,    user-priority: 0,  2D/3D-geometry: true, material-attributes: pec,    shape-attributes: solid,  
Priority-group:   3, shape   2: component1:Wire_antenna,    material: PEC,    user-priority: 0,  2D/3D-geometry: true, material-attributes: pec,    shape-attributes: solid,  
 
==============================================================================================================================================================================
 
================================================================================================
General settings
	PBA version: default
------------------------------------------------------------------------------------------------
Geometry processor:default
	Geo accuracy: 64.000000
	PEC background is represented by CAD geometry: false
	Watertightness check: true
	Self intersection check: false
	Inheritance (all): false
	Normal dominance (all): false
	Normal dominance (ports): false
	Flanges hollow: true
	One shape per flange: false
------------------------------------------------------------------------------------------------
Connectivity settings
	Workflow selection: 0
	Workflow version: 20180101
	Gap detection: true
	Gap detection version: 2
	TST version: 2
	QQ workflow: true
	CoCo workflow: true
	Legacy topology: false
	Connectivity check: false
------------------------------------------------------------------------------------------------
Geometry processing log
	no entries
================================================================================================
=======================
Finished CAD processing
=======================

<<<<<<<<<<<<<<<<<<<<<<<<<<<<<<<<<<<<<<<<<<<<<<<
2023 Oct 27 (Fri):  04:30:49
Resource usage for processing CAD model:
	Runtime                        0.09 seconds
	Peak Memory Usage:               19 MB
<<<<<<<<<<<<<<<<<<<<<<<<<<<<<<<<<<<<<<<<<<<<<<<

------------------------------------------------------------
Parallelization Info
------------------------------------------------------------
Hyperthreading active: true
Hyperthreading used: false
Number of concurrent threads: 4
Number of node domains: 4
Domains-to-threads scaling: 2
Average FI domain size: 1e+04
Nice mode: true
Delayed matrix calculation start: false
Load balancing: Version 20090403
Number of mesh fill domains: 8
Memory downscale: 1
CPU load: 50.00%
Emptiness: 0.00%
Hex mesh complexity: 0.09440
Geometric complexity: 0.00426
lower size limit of domain (1D): 60
------------------------------------------------------------
Node order
1, 0, 2, 3
------------------------------------------------------------

------------------------------------------------------------------
Concurrency for parallelized matrix calculation at start: 4/4
Matrix calculation node 1
	Mesh coverage: 2640000.00 %
	Estimated peak memory usage per node: 14 MB, tightness: 0.24 %
	Processor group: 0
Matrix calculation node 0
	Mesh coverage: 2280000.00 %
	Estimated peak memory usage per node: 13 MB, tightness: 0.22 %
	Processor group: 0
Matrix calculation node 2
	Mesh coverage: 2400000.00 %
	Estimated peak memory usage per node: 12 MB, tightness: 0.21 %
	Processor group: 0
Matrix calculation node 3
	Mesh coverage: 2520000.00 %
	Estimated peak memory usage per node: 5 MB, tightness: 0.09 %
	Processor group: 0
------------------------------------------------------------------





<<<<<<<<<<<<<<<<<<<<<<<<<<<<<<<<<<<<<<<<<<<<<<<<<<<
2023 Oct 27 (Fri):  04:30:51
Resource usage for calculating matrix coefficients:
<<<<<<<<<<<<<<<<<<<<<<<<<<<<<<<<<<<<<<<<<<<<<<<<<<<

------------------------------------
Mesh: # of points excl. TSTs: 100860
      # of points incl. TSTs: 100860
------------------------------------

1xN000:  >>>>>>>>>>>>>>>>>>>>>>>>>>>>
         2023 Oct 27 (Fri):  04:30:49
         >>>>>>>>>>>>>>>>>>>>>>>>>>>>

1xN000:  ==========================================================================
          - pinning rule in use   : PINNING_RULE_MCALC_SKIP_ALL
          - desired group         : 0, sockets = 0
          - num cores available   : 16
          - num accessible procs          : 16
          - num logical procs             : 16
          - affinity (main thread)        : 11111111 11111111
          - sockets                       : 0
          - potential cores               : 0,1,2,3,4,5,6,7,8,9,10,11,12,13,14,15
          - affinity                      : 1111111111111111
          - active cores          : 0,1,2,3,4,5,6,7,8,9,10,11,12,13,14,15
          - hyperthreading        : on
          - skip pinning: + allowed number of sockets = available number of sockets
                          + hyperthreading allowed by solver
         ==========================================================================

1xN000:  Version: 2021.5 Release from 2021-06-28 (change 882846) [Release]
         Started @ 2023 Oct 27 (Fri):  04:30:49
         Workflow: PBA matrix coefficients
         Operation: [fpba, meshfill, bg, port-path, tst, tst-nextgen, coeff, surface-imp]
         Architecture: Windows, ID: AMD64
         System Windows-64bit
         Using processor group 0/1
         HEX Mesh information:
         [Global mesh]
         	global O(0 0 0) 	global S(31 20 41) Z(25419)
         [Extended mesh]
         	extended O(0 0 0) 	extended S(32 21 41) Z(27551)
1xN000:  ================================
         Matrix computation (PBA)
         	[PBA version: default]
         Version 2021.5 (build 20210628)
         PBA version 0
         Sub-Workflow: FARM-1xN-TST2-Node
         Workflow updated: -
         2023 Oct 27 (Fri):  04:30:49
         ================================

1xN000:  ----------------------------------------------
         Used point accuracy enhancement value: 64.00%.
         ----------------------------------------------

1xN000:  FARM allocation scheme: BBM
1xN000:  Gap-Detection activated for FARM-topology. Gaps are resolved, even partially.: gap tolerance value is 0.001 and mesh geometry scale is 0.001
1xN000:



1xN000:
1xN000:  Port homogenization method: M2H point index deviation
1xN000:  ccccccccccccccccccccccccccccccccccccccccccccccccccccccccccccccccccccc
         FARM/Meshfill cache is set to 8 (local FI domains: 4, dynamic: false)
         ccccccccccccccccccccccccccccccccccccccccccccccccccccccccccccccccccccc

1xN000:  =============================================================
         Hex cell analyzer settings:
         	max number of E fields per mesh edge: 2
         	max number of H fields per mesh face: 4
         	supporting dual grid: false
         	performance improvement: ROI limit: true
         	performance improvement: ROI threshold: 2
         	performance improvement: single topology extraction: true
         	performance improvement: pre-categorize cell volume: true
         	periodic align: 0
         	periodic cells: true
         	homogenization version: pid
         =============================================================

1xN000:  ------------------------------------------------------------------------------
         PBA fill limit is applied in inverse mode.
         PBA fill limit is applied on faces filled with at least 99.00% metal material.
         --------------------------------------------------------------
         detailed accuracy settings:
         --------------------------------------------------------------
         augmented fill limit:       true
         augmented fill limit value: 99.00
         automatic fill limit:       true
         early fill limit:           true
         inverse fill limit:         true
         model complexity:           0.00
         legacy 2015:                false
         fixed point accuracy:       false
         minimum point accuracy:     0
         mesh step inheritance:      false
         accuracy mode:
         ------------------------------------------------------------------------------

1xN000:  =================================
         Finished matrix computation (PBA)
         =================================

1xN000:  <<<<<<<<<<<<<<<<<<<<<<<<<<<<<<<<<<<<<<<<<<<<<<<<<<<<<<<<<<<<
         2023 Oct 27 (Fri):  04:30:51
         Resource usage for calculating matrix coefficients per node:
         	Runtime                                 1.47 seconds
         	Peak Memory Estimation:                   13 MB
         	Peak Memory Usage:                        33 MB
         <<<<<<<<<<<<<<<<<<<<<<<<<<<<<<<<<<<<<<<<<<<<<<<<<<<<<<<<<<<<



1xN001:  >>>>>>>>>>>>>>>>>>>>>>>>>>>>
         2023 Oct 27 (Fri):  04:30:49
         >>>>>>>>>>>>>>>>>>>>>>>>>>>>

1xN001:  ==========================================================================
          - pinning rule in use   : PINNING_RULE_MCALC_SKIP_ALL
          - desired group         : 0, sockets = 0
          - num cores available   : 16
          - num accessible procs          : 16
          - num logical procs             : 16
          - affinity (main thread)        : 11111111 11111111
          - sockets                       : 0
          - potential cores               : 0,1,2,3,4,5,6,7,8,9,10,11,12,13,14,15
          - affinity                      : 1111111111111111
          - active cores          : 0,1,2,3,4,5,6,7,8,9,10,11,12,13,14,15
          - hyperthreading        : on
          - skip pinning: + allowed number of sockets = available number of sockets
                          + hyperthreading allowed by solver
         ==========================================================================

1xN001:  Version: 2021.5 Release from 2021-06-28 (change 882846) [Release]
         Started @ 2023 Oct 27 (Fri):  04:30:49
         Workflow: PBA matrix coefficients
         Operation: [fpba, meshfill, bg, port-path, tst, tst-nextgen, coeff, surface-imp]
         Architecture: Windows, ID: AMD64
         System Windows-64bit
         Using processor group 0/1
         HEX Mesh information:
         [Global mesh]
         	global O(0 18 0) 	global S(31 23 41) Z(29232)
         [Extended mesh]
         	extended O(0 17 0) 	extended S(32 24 41) Z(31487)
1xN001:  ================================
         Matrix computation (PBA)
         	[PBA version: default]
         Version 2021.5 (build 20210628)
         PBA version 0
         Sub-Workflow: FARM-1xN-TST2-Node
         Workflow updated: -
         2023 Oct 27 (Fri):  04:30:49
         ================================

1xN001:  ----------------------------------------------
         Used point accuracy enhancement value: 64.00%.
         ----------------------------------------------

1xN001:  FARM allocation scheme: BBM
1xN001:  Gap-Detection activated for FARM-topology. Gaps are resolved, even partially.: gap tolerance value is 0.001 and mesh geometry scale is 0.001
1xN001:



1xN001:
1xN001:  Port homogenization method: M2H point index deviation
1xN001:  ccccccccccccccccccccccccccccccccccccccccccccccccccccccccccccccccccccc
         FARM/Meshfill cache is set to 8 (local FI domains: 8, dynamic: false)
         ccccccccccccccccccccccccccccccccccccccccccccccccccccccccccccccccccccc

1xN001:  =============================================================
         Hex cell analyzer settings:
         	max number of E fields per mesh edge: 2
         	max number of H fields per mesh face: 4
         	supporting dual grid: false
         	performance improvement: ROI limit: true
         	performance improvement: ROI threshold: 2
         	performance improvement: single topology extraction: true
         	performance improvement: pre-categorize cell volume: true
         	periodic align: 0
         	periodic cells: true
         	homogenization version: pid
         =============================================================

1xN001:  ------------------------------------------------------------------------------
         PBA fill limit is applied in inverse mode.
         PBA fill limit is applied on faces filled with at least 99.00% metal material.
         --------------------------------------------------------------
         detailed accuracy settings:
         --------------------------------------------------------------
         augmented fill limit:       true
         augmented fill limit value: 99.00
         automatic fill limit:       true
         early fill limit:           true
         inverse fill limit:         true
         model complexity:           0.00
         legacy 2015:                false
         fixed point accuracy:       false
         minimum point accuracy:     0
         mesh step inheritance:      false
         accuracy mode:
         ------------------------------------------------------------------------------

1xN001:  discrete edge port "1" is partially connected to metal material at terminal 0.
1xN001:  discrete edge port "1" penetrates metal material between terminals.
1xN001:  -------------------------------------------------------------------------------
         The following discrete edge port is only partially connected to metal material:
         	1
         -------------------------------------------------------------------------------

1xN001:  =================================
         Finished matrix computation (PBA)
         =================================

1xN001:  <<<<<<<<<<<<<<<<<<<<<<<<<<<<<<<<<<<<<<<<<<<<<<<<<<<<<<<<<<<<
         2023 Oct 27 (Fri):  04:30:51
         Resource usage for calculating matrix coefficients per node:
         	Runtime                                 1.85 seconds
         	Peak Memory Estimation:                   14 MB
         	Peak Memory Usage:                        38 MB
         <<<<<<<<<<<<<<<<<<<<<<<<<<<<<<<<<<<<<<<<<<<<<<<<<<<<<<<<<<<<



1xN002:  >>>>>>>>>>>>>>>>>>>>>>>>>>>>
         2023 Oct 27 (Fri):  04:30:49
         >>>>>>>>>>>>>>>>>>>>>>>>>>>>

1xN002:  ==========================================================================
          - pinning rule in use   : PINNING_RULE_MCALC_SKIP_ALL
          - desired group         : 0, sockets = 0
          - num cores available   : 16
          - num accessible procs          : 16
          - num logical procs             : 16
          - affinity (main thread)        : 11111111 11111111
          - sockets                       : 0
          - potential cores               : 0,1,2,3,4,5,6,7,8,9,10,11,12,13,14,15
          - affinity                      : 1111111111111111
          - active cores          : 0,1,2,3,4,5,6,7,8,9,10,11,12,13,14,15
          - hyperthreading        : on
          - skip pinning: + allowed number of sockets = available number of sockets
                          + hyperthreading allowed by solver
         ==========================================================================

1xN002:  Version: 2021.5 Release from 2021-06-28 (change 882846) [Release]
         Started @ 2023 Oct 27 (Fri):  04:30:49
         Workflow: PBA matrix coefficients
         Operation: [fpba, meshfill, bg, port-path, tst, tst-nextgen, coeff, surface-imp]
         Architecture: Windows, ID: AMD64
         System Windows-64bit
         Using processor group 0/1
         HEX Mesh information:
         [Global mesh]
         	global O(29 0 0) 	global S(31 41 21) Z(26690)
         [Extended mesh]
         	extended O(28 0 0) 	extended S(32 41 22) Z(28863)
1xN002:  ================================
         Matrix computation (PBA)
         	[PBA version: default]
         Version 2021.5 (build 20210628)
         PBA version 0
         Sub-Workflow: FARM-1xN-TST2-Node
         Workflow updated: -
         2023 Oct 27 (Fri):  04:30:49
         ================================

1xN002:  ----------------------------------------------
         Used point accuracy enhancement value: 64.00%.
         ----------------------------------------------

1xN002:  FARM allocation scheme: BBM
1xN002:  Gap-Detection activated for FARM-topology. Gaps are resolved, even partially.: gap tolerance value is 0.001 and mesh geometry scale is 0.001
1xN002:



1xN002:
1xN002:  Port homogenization method: M2H point index deviation
1xN002:  ccccccccccccccccccccccccccccccccccccccccccccccccccccccccccccccccccccc
         FARM/Meshfill cache is set to 8 (local FI domains: 8, dynamic: false)
         ccccccccccccccccccccccccccccccccccccccccccccccccccccccccccccccccccccc

1xN002:  =============================================================
         Hex cell analyzer settings:
         	max number of E fields per mesh edge: 2
         	max number of H fields per mesh face: 4
         	supporting dual grid: false
         	performance improvement: ROI limit: true
         	performance improvement: ROI threshold: 2
         	performance improvement: single topology extraction: true
         	performance improvement: pre-categorize cell volume: true
         	periodic align: 0
         	periodic cells: true
         	homogenization version: pid
         =============================================================

1xN002:  ------------------------------------------------------------------------------
         PBA fill limit is applied in inverse mode.
         PBA fill limit is applied on faces filled with at least 99.00% metal material.
         --------------------------------------------------------------
         detailed accuracy settings:
         --------------------------------------------------------------
         augmented fill limit:       true
         augmented fill limit value: 99.00
         automatic fill limit:       true
         early fill limit:           true
         inverse fill limit:         true
         model complexity:           0.00
         legacy 2015:                false
         fixed point accuracy:       false
         minimum point accuracy:     0
         mesh step inheritance:      false
         accuracy mode:
         ------------------------------------------------------------------------------

1xN002:  =================================
         Finished matrix computation (PBA)
         =================================

1xN002:  <<<<<<<<<<<<<<<<<<<<<<<<<<<<<<<<<<<<<<<<<<<<<<<<<<<<<<<<<<<<
         2023 Oct 27 (Fri):  04:30:50
         Resource usage for calculating matrix coefficients per node:
         	Runtime                                 1.16 seconds
         	Peak Memory Estimation:                   12 MB
         	Peak Memory Usage:                        32 MB
         <<<<<<<<<<<<<<<<<<<<<<<<<<<<<<<<<<<<<<<<<<<<<<<<<<<<<<<<<<<<



1xN003:  >>>>>>>>>>>>>>>>>>>>>>>>>>>>
         2023 Oct 27 (Fri):  04:30:49
         >>>>>>>>>>>>>>>>>>>>>>>>>>>>

1xN003:  ==========================================================================
          - pinning rule in use   : PINNING_RULE_MCALC_SKIP_ALL
          - desired group         : 0, sockets = 0
          - num cores available   : 16
          - num accessible procs          : 16
          - num logical procs             : 16
          - affinity (main thread)        : 11111111 11111111
          - sockets                       : 0
          - potential cores               : 0,1,2,3,4,5,6,7,8,9,10,11,12,13,14,15
          - affinity                      : 1111111111111111
          - active cores          : 0,1,2,3,4,5,6,7,8,9,10,11,12,13,14,15
          - hyperthreading        : on
          - skip pinning: + allowed number of sockets = available number of sockets
                          + hyperthreading allowed by solver
         ==========================================================================

1xN003:  Version: 2021.5 Release from 2021-06-28 (change 882846) [Release]
         Started @ 2023 Oct 27 (Fri):  04:30:49
         Workflow: PBA matrix coefficients
         Operation: [fpba, meshfill, bg, port-path, tst, tst-nextgen, coeff, surface-imp]
         Architecture: Windows, ID: AMD64
         System Windows-64bit
         Using processor group 0/1
         HEX Mesh information:
         [Global mesh]
         	global O(29 0 19) 	global S(31 41 22) Z(27961)
         [Extended mesh]
         	extended O(28 0 18) 	extended S(32 41 23) Z(30175)
1xN003:  ================================
         Matrix computation (PBA)
         	[PBA version: default]
         Version 2021.5 (build 20210628)
         PBA version 0
         Sub-Workflow: FARM-1xN-TST2-Node
         Workflow updated: -
         2023 Oct 27 (Fri):  04:30:49
         ================================

1xN003:  ----------------------------------------------
         Used point accuracy enhancement value: 64.00%.
         ----------------------------------------------

1xN003:  FARM allocation scheme: BBM
1xN003:  Gap-Detection activated for FARM-topology. Gaps are resolved, even partially.: gap tolerance value is 0.001 and mesh geometry scale is 0.001
1xN003:



1xN003:
1xN003:  Port homogenization method: M2H point index deviation
1xN003:  ccccccccccccccccccccccccccccccccccccccccccccccccccccccccccccccccccccc
         FARM/Meshfill cache is set to 8 (local FI domains: 8, dynamic: false)
         ccccccccccccccccccccccccccccccccccccccccccccccccccccccccccccccccccccc

1xN003:  =============================================================
         Hex cell analyzer settings:
         	max number of E fields per mesh edge: 2
         	max number of H fields per mesh face: 4
         	supporting dual grid: false
         	performance improvement: ROI limit: true
         	performance improvement: ROI threshold: 2
         	performance improvement: single topology extraction: true
         	performance improvement: pre-categorize cell volume: true
         	periodic align: 0
         	periodic cells: true
         	homogenization version: pid
         =============================================================

1xN003:  ------------------------------------------------------------------------------
         PBA fill limit is applied in inverse mode.
         PBA fill limit is applied on faces filled with at least 99.00% metal material.
         --------------------------------------------------------------
         detailed accuracy settings:
         --------------------------------------------------------------
         augmented fill limit:       true
         augmented fill limit value: 99.00
         automatic fill limit:       true
         early fill limit:           true
         inverse fill limit:         true
         model complexity:           0.00
         legacy 2015:                false
         fixed point accuracy:       false
         minimum point accuracy:     0
         mesh step inheritance:      false
         accuracy mode:
         ------------------------------------------------------------------------------

1xN003:  =================================
         Finished matrix computation (PBA)
         =================================

1xN003:  <<<<<<<<<<<<<<<<<<<<<<<<<<<<<<<<<<<<<<<<<<<<<<<<<<<<<<<<<<<<
         2023 Oct 27 (Fri):  04:30:51
         Resource usage for calculating matrix coefficients per node:
         	Runtime                                 1.53 seconds
         	Peak Memory Estimation:                    5 MB
         	Peak Memory Usage:                        36 MB
         <<<<<<<<<<<<<<<<<<<<<<<<<<<<<<<<<<<<<<<<<<<<<<<<<<<<<<<<<<<<



-------------------------------------------------------------------------------------------------------------------
AXG prep time: 0 sec
PBAMeshFeedback - InfoMap: 0[ms] - SBCell navigation: 0[ms] - CornerCorrectionLinesAndWires: 0[ms] - Write: 0[ms]
ConnectivityAXG - Load: 2[ms] - Setup: 4[ms] - Convert: 0[ms] ( Groups: 4 - Shapes: 3 - Threads: 8 ) - Write: 0[ms]
-------------------------------------------------------------------------------------------------------------------

--------------------------------
# of staircase filled cells: 0
# of staircase filled areas: 0
# of staircase filled edges: 0
# of faces above fill limit: 0
# of edges with FPBA topology: 0
--------------------------------

