27/Oct/2023 04:30:48  *** Warning ***
                      
                      This software is licensed for educational purposes only.
                      
                      ------------------------------------------------------------------------------
27/Oct/2023 04:30:48  
                      Solver started at: 04:30 AM Friday, 27. October 2023 (Romance Daylight Time)
                      
                        Module:  Time Domain: S-Parameter (Win 64)
                        Version: 2021.5 Release from 2021-06-28 (change 882846)
                      

                      ------------------------------------------------------------------------------

                      ------------------------------------------------------------------------------
27/Oct/2023 04:30:48  ======================================================================
                       Solver cycle: 1
                      ======================================================================
                      
                      Stimulation at discrete port 1 
                      
                      
                      
                      ------------------------------------------------------------------------------
27/Oct/2023 04:30:48  Units settings: 
                      
                        Dimensions: mm
                        Frequency:  MHz
                        Time:       ns
                      
                      ------------------------------------------------------------------------------
27/Oct/2023 04:30:55  The following discrete edge port is only partially connected to metal material:
                      	1
                      
                      ------------------------------------------------------------------------------
27/Oct/2023 04:30:55  Mesh statistics:
                      
                         Hexahedral mesh type: PBA [Version: default]
                      
                         Parallelization type: domain decomposition
                            Number of parallel working threads: 4
                            Number of calculation domains used: 4
                      
                         Used point accuracy enhancement value: 64.00%.
                         PBA fill limit: 99.00% (inverse)

27/Oct/2023 04:30:56  Boundary conditions: 
                      
                        YZsymmetry: none
                        XZsymmetry: none
                        XYsymmetry: none
                      
                        Xmin: expanded open, 4 Layer, depth 23.6268 mm
                        Xmax: expanded open, 4 Layer, depth 23.6268 mm
                      
                        Ymin: expanded open, 4 Layer, depth 23.698 mm
                        Ymax: expanded open, 4 Layer, depth 23.698 mm
                      
                        Zmin: expanded open, 4 Layer, depth 23.698 mm
                        Zmax: expanded open, 4 Layer, depth 23.698 mm
                      
                        PML-Type: Convolution PML
                      
                      ------------------------------------------------------------------------------
27/Oct/2023 04:30:56  Frequency settings: 
                      
                        Fmin:         500
                        Fmax:         3000
                        Nfsteps(lin): 1001
                      
                      ------------------------------------------------------------------------------
27/Oct/2023 04:30:56  Field update statistics:
                      
                        Number of components in total: 	585499
                      
                      Subcycling state:      Automatically deactivated
                      
                      ------------------------------------------------------------------------------
27/Oct/2023 04:30:56  Port: 1
                      
27/Oct/2023 04:30:56    Discrete element, reference impedance = 50 Ohm
                      
                      ------------------------------------------------------------------------------
27/Oct/2023 04:31:09  
                      --------------------------------------------------------------------------------
27/Oct/2023 04:31:09  Steady state energy criterion met, solver finished successfully.
                      
                      ------------------------------------------------------------------------------
27/Oct/2023 04:31:09  Frequency domain results normalized to default signal.
                      
                      
                      ------------------------------------------------------------------------------
27/Oct/2023 04:31:09  
                        ----------------------------------------------------------------------------
                                            Peak memory used (kB)         Free physical memory (kB) 
                                                                          At begin     Minimum      
                        ----------------------------------------------------------------------------
                        CAD preparation     19736                         5692136      5692136      
                        Matrices calc.      106249                        5563476      5538085      
                        Solver run total    50176                         5718264      5627572      
                        ----------------------------------------------------------------------------
                      
                      --------------------------------------------------------------------------------
                      Solver Statistics:
                      
                        Hardware:
                           Computer name:                 	Nicolai-Laptop 
                      
                           Number of CPU threads:               8
                           Hardware info:                  	Hardware Accelerator Device not activated
                      
                        Number of mesh cells:             	94400
                        Excitation duration:              	2.84363900e+000 ns 
                        Calculation time for excitation:  	0 	s
                        Number of calculated pulse widths:	3.30289 
                        Steady state accuracy limit:      	-40	dB 
                        Simulated number of time steps:   	13430 
                        Maximum number of time steps:     	81322 
                        Time step width:
                           without subcycles:             	6.993467772e-004 ns
                           used:                          	6.993467772e-004 ns
                      
                        CAD preparation time:             	0      	s
                        Matrix calculation time:          	6 	s
                        Solver setup time:                	2 	s
                        Solver loop time:                 	11 	s
                        Solver post-processing time:      	0 	s
                                                          	------------
                        Total solver time:                	19 	s
                      
                      ------------------------------------------------------------------------------
27/Oct/2023 04:31:09  
                        Adaptive port meshing time:          	0      	s
                        Total solver time (all cycles):      	19     	s
                        solver initialization and clean-up:  	1      	s
                                                             	------------
                        Total simulation time:               	20     	s
                      
                      ------------------------------------------------------------------------------
27/Oct/2023 04:31:09  Solver finished at: 04:31 AM Friday, 27. October 2023
                      
                      
                      
                      ------------------------------------------------------------------------------
27/Oct/2023 04:31:10  Creating parametric 1D results for Run ID 1
                      
                      ------------------------------------------------------------------------------
