Unknown:
C:\Users\nlyho\OneDrive - Aalborg Universitet\7. semester\Git\MachineLearning\CST files\MIFAinmilimeters\Result\farfield (f=1900)1D_1_calc.ffp
C:\Users\nlyho\OneDrive - Aalborg Universitet\7. semester\Git\MachineLearning\CST files\MIFAinmilimeters\Result\farfield (f=1900)_1.fme
C:\Users\nlyho\OneDrive - Aalborg Universitet\7. semester\Git\MachineLearning\CST files\MIFAinmilimeters\Result\hardware_resources.sconf
C:\Users\nlyho\OneDrive - Aalborg Universitet\7. semester\Git\MachineLearning\CST files\MIFAinmilimeters\Result\Hex.gap
C:\Users\nlyho\OneDrive - Aalborg Universitet\7. semester\Git\MachineLearning\CST files\MIFAinmilimeters\Result\MCalc.ddi
C:\Users\nlyho\OneDrive - Aalborg Universitet\7. semester\Git\MachineLearning\CST files\MIFAinmilimeters\Result\MCalc.log
C:\Users\nlyho\OneDrive - Aalborg Universitet\7. semester\Git\MachineLearning\CST files\MIFAinmilimeters\Result\ml_info.log
C:\Users\nlyho\OneDrive - Aalborg Universitet\7. semester\Git\MachineLearning\CST files\MIFAinmilimeters\Result\Model.axg
C:\Users\nlyho\OneDrive - Aalborg Universitet\7. semester\Git\MachineLearning\CST files\MIFAinmilimeters\Result\Model.coco
C:\Users\nlyho\OneDrive - Aalborg Universitet\7. semester\Git\MachineLearning\CST files\MIFAinmilimeters\Result\Model.ddi
C:\Users\nlyho\OneDrive - Aalborg Universitet\7. semester\Git\MachineLearning\CST files\MIFAinmilimeters\Result\Model.log
C:\Users\nlyho\OneDrive - Aalborg Universitet\7. semester\Git\MachineLearning\CST files\MIFAinmilimeters\Result\Model.sa
C:\Users\nlyho\OneDrive - Aalborg Universitet\7. semester\Git\MachineLearning\CST files\MIFAinmilimeters\Result\Model.sam
C:\Users\nlyho\OneDrive - Aalborg Universitet\7. semester\Git\MachineLearning\CST files\MIFAinmilimeters\Result\ModelPBA.axg
C:\Users\nlyho\OneDrive - Aalborg Universitet\7. semester\Git\MachineLearning\CST files\MIFAinmilimeters\Result\m^fifx.dsc
C:\Users\nlyho\OneDrive - Aalborg Universitet\7. semester\Git\MachineLearning\CST files\MIFAinmilimeters\Result\m^fqq.dsc
C:\Users\nlyho\OneDrive - Aalborg Universitet\7. semester\Git\MachineLearning\CST files\MIFAinmilimeters\Result\Ports.web
C:\Users\nlyho\OneDrive - Aalborg Universitet\7. semester\Git\MachineLearning\CST files\MIFAinmilimeters\Result\Postprocessing.log
C:\Users\nlyho\OneDrive - Aalborg Universitet\7. semester\Git\MachineLearning\CST files\MIFAinmilimeters\Result\PP-MCalc.log
C:\Users\nlyho\OneDrive - Aalborg Universitet\7. semester\Git\MachineLearning\CST files\MIFAinmilimeters\Result\PP-Prio.log
C:\Users\nlyho\OneDrive - Aalborg Universitet\7. semester\Git\MachineLearning\CST files\MIFAinmilimeters\Result\p^a.dsc
C:\Users\nlyho\OneDrive - Aalborg Universitet\7. semester\Git\MachineLearning\CST files\MIFAinmilimeters\Result\P^m^fbqq.slog
C:\Users\nlyho\OneDrive - Aalborg Universitet\7. semester\Git\MachineLearning\CST files\MIFAinmilimeters\Result\P^m^fqq.slog
C:\Users\nlyho\OneDrive - Aalborg Universitet\7. semester\Git\MachineLearning\CST files\MIFAinmilimeters\Result\P^p^m.slog
C:\Users\nlyho\OneDrive - Aalborg Universitet\7. semester\Git\MachineLearning\CST files\MIFAinmilimeters\Result\P^s^pm.slog
C:\Users\nlyho\OneDrive - Aalborg Universitet\7. semester\Git\MachineLearning\CST files\MIFAinmilimeters\Result\WEP.log
Mesh:
C:\Users\nlyho\OneDrive - Aalborg Universitet\7. semester\Git\MachineLearning\CST files\MIFAinmilimeters\Result\dA.mat
C:\Users\nlyho\OneDrive - Aalborg Universitet\7. semester\Git\MachineLearning\CST files\MIFAinmilimeters\Result\dad.mat
C:\Users\nlyho\OneDrive - Aalborg Universitet\7. semester\Git\MachineLearning\CST files\MIFAinmilimeters\Result\ds.mat
C:\Users\nlyho\OneDrive - Aalborg Universitet\7. semester\Git\MachineLearning\CST files\MIFAinmilimeters\Result\dsd.mat
C:\Users\nlyho\OneDrive - Aalborg Universitet\7. semester\Git\MachineLearning\CST files\MIFAinmilimeters\Result\dsMCalc.mat
C:\Users\nlyho\OneDrive - Aalborg Universitet\7. semester\Git\MachineLearning\CST files\MIFAinmilimeters\Result\Eps.mat
C:\Users\nlyho\OneDrive - Aalborg Universitet\7. semester\Git\MachineLearning\CST files\MIFAinmilimeters\Result\HexMatrix.m2h
C:\Users\nlyho\OneDrive - Aalborg Universitet\7. semester\Git\MachineLearning\CST files\MIFAinmilimeters\Result\HexMatrix_MCalc.m2h
C:\Users\nlyho\OneDrive - Aalborg Universitet\7. semester\Git\MachineLearning\CST files\MIFAinmilimeters\Result\Kappa.mat
C:\Users\nlyho\OneDrive - Aalborg Universitet\7. semester\Git\MachineLearning\CST files\MIFAinmilimeters\Result\MCalc.fmp
C:\Users\nlyho\OneDrive - Aalborg Universitet\7. semester\Git\MachineLearning\CST files\MIFAinmilimeters\Result\MCalc.xcfd
C:\Users\nlyho\OneDrive - Aalborg Universitet\7. semester\Git\MachineLearning\CST files\MIFAinmilimeters\Result\MCalcCCS_c.mson
C:\Users\nlyho\OneDrive - Aalborg Universitet\7. semester\Git\MachineLearning\CST files\MIFAinmilimeters\Result\Meta.m2h
C:\Users\nlyho\OneDrive - Aalborg Universitet\7. semester\Git\MachineLearning\CST files\MIFAinmilimeters\Result\Meta.mat
C:\Users\nlyho\OneDrive - Aalborg Universitet\7. semester\Git\MachineLearning\CST files\MIFAinmilimeters\Result\Model-fmf.msqlite
C:\Users\nlyho\OneDrive - Aalborg Universitet\7. semester\Git\MachineLearning\CST files\MIFAinmilimeters\Result\Model.cct
C:\Users\nlyho\OneDrive - Aalborg Universitet\7. semester\Git\MachineLearning\CST files\MIFAinmilimeters\Result\Model.fmf
C:\Users\nlyho\OneDrive - Aalborg Universitet\7. semester\Git\MachineLearning\CST files\MIFAinmilimeters\Result\Model.fmm
C:\Users\nlyho\OneDrive - Aalborg Universitet\7. semester\Git\MachineLearning\CST files\MIFAinmilimeters\Result\Model.fpc
C:\Users\nlyho\OneDrive - Aalborg Universitet\7. semester\Git\MachineLearning\CST files\MIFAinmilimeters\Result\Model.fwf
C:\Users\nlyho\OneDrive - Aalborg Universitet\7. semester\Git\MachineLearning\CST files\MIFAinmilimeters\Result\Model.sid
C:\Users\nlyho\OneDrive - Aalborg Universitet\7. semester\Git\MachineLearning\CST files\MIFAinmilimeters\Result\Model.spi
C:\Users\nlyho\OneDrive - Aalborg Universitet\7. semester\Git\MachineLearning\CST files\MIFAinmilimeters\Result\Model.xcfd
C:\Users\nlyho\OneDrive - Aalborg Universitet\7. semester\Git\MachineLearning\CST files\MIFAinmilimeters\Result\Mue.mat
C:\Users\nlyho\OneDrive - Aalborg Universitet\7. semester\Git\MachineLearning\CST files\MIFAinmilimeters\Result\m^fqq.mem
C:\Users\nlyho\OneDrive - Aalborg Universitet\7. semester\Git\MachineLearning\CST files\MIFAinmilimeters\Result\PEC.mat
C:\Users\nlyho\OneDrive - Aalborg Universitet\7. semester\Git\MachineLearning\CST files\MIFAinmilimeters\Result\Ports.fpt
C:\Users\nlyho\OneDrive - Aalborg Universitet\7. semester\Git\MachineLearning\CST files\MIFAinmilimeters\Result\p^a.mem
C:\Users\nlyho\OneDrive - Aalborg Universitet\7. semester\Git\MachineLearning\CST files\MIFAinmilimeters\Result\p^m.mem
C:\Users\nlyho\OneDrive - Aalborg Universitet\7. semester\Git\MachineLearning\CST files\MIFAinmilimeters\Result\S2HMatrix.m2h
C:\Users\nlyho\OneDrive - Aalborg Universitet\7. semester\Git\MachineLearning\CST files\MIFAinmilimeters\Result\Shapes.con
C:\Users\nlyho\OneDrive - Aalborg Universitet\7. semester\Git\MachineLearning\CST files\MIFAinmilimeters\Result\s^pm.mem
Port:
C:\Users\nlyho\OneDrive - Aalborg Universitet\7. semester\Git\MachineLearning\CST files\MIFAinmilimeters\Result\Model.pmi
