Unknown:
D:\FurtherP7Git\MachineLearning\CST files\Wire_antenna_simple\Result\Model.log
D:\FurtherP7Git\MachineLearning\CST files\Wire_antenna_simple\Result\Model.sam
D:\FurtherP7Git\MachineLearning\CST files\Wire_antenna_simple\Result\Model_m1.sam
D:\FurtherP7Git\MachineLearning\CST files\Wire_antenna_simple\Result\MCalc.log
D:\FurtherP7Git\MachineLearning\CST files\Wire_antenna_simple\Result\PP-Prio.log
D:\FurtherP7Git\MachineLearning\CST files\Wire_antenna_simple\Result\MCalc-Facets-PP.log
D:\FurtherP7Git\MachineLearning\CST files\Wire_antenna_simple\Result\m^fifx.dsc
D:\FurtherP7Git\MachineLearning\CST files\Wire_antenna_simple\Result\MCalc-Facets-1xN.log
D:\FurtherP7Git\MachineLearning\CST files\Wire_antenna_simple\Result\Ports.web
D:\FurtherP7Git\MachineLearning\CST files\Wire_antenna_simple\Result\Model.coco
D:\FurtherP7Git\MachineLearning\CST files\Wire_antenna_simple\Result\m^fqq.dsc
D:\FurtherP7Git\MachineLearning\CST files\Wire_antenna_simple\Result\P^m^fqq.slog
D:\FurtherP7Git\MachineLearning\CST files\Wire_antenna_simple\Result\Model.ddi
D:\FurtherP7Git\MachineLearning\CST files\Wire_antenna_simple\Result\MCalc.ddi
D:\FurtherP7Git\MachineLearning\CST files\Wire_antenna_simple\Result\P^m^fbqq.slog
D:\FurtherP7Git\MachineLearning\CST files\Wire_antenna_simple\Result\p^a.dsc
D:\FurtherP7Git\MachineLearning\CST files\Wire_antenna_simple\Result\Hex.gap
D:\FurtherP7Git\MachineLearning\CST files\Wire_antenna_simple\Result\MCalcMMC.log
D:\FurtherP7Git\MachineLearning\CST files\Wire_antenna_simple\Result\WEP.log
D:\FurtherP7Git\MachineLearning\CST files\Wire_antenna_simple\Result\P^p^m.slog
D:\FurtherP7Git\MachineLearning\CST files\Wire_antenna_simple\Result\Model.axg
D:\FurtherP7Git\MachineLearning\CST files\Wire_antenna_simple\Result\ModelPBA.axg
D:\FurtherP7Git\MachineLearning\CST files\Wire_antenna_simple\Result\P^s^pm.slog
D:\FurtherP7Git\MachineLearning\CST files\Wire_antenna_simple\Result\Model.sa
Mesh:
D:\FurtherP7Git\MachineLearning\CST files\Wire_antenna_simple\Result\Model.xcfd
D:\FurtherP7Git\MachineLearning\CST files\Wire_antenna_simple\Result\Model.fmm
D:\FurtherP7Git\MachineLearning\CST files\Wire_antenna_simple\Result\Model.sid
D:\FurtherP7Git\MachineLearning\CST files\Wire_antenna_simple\Result\m^fqq.mem
D:\FurtherP7Git\MachineLearning\CST files\Wire_antenna_simple\Result\Model.fmf
D:\FurtherP7Git\MachineLearning\CST files\Wire_antenna_simple\Result\Model.spi
D:\FurtherP7Git\MachineLearning\CST files\Wire_antenna_simple\Result\p^a.mem
D:\FurtherP7Git\MachineLearning\CST files\Wire_antenna_simple\Result\Model.cct
D:\FurtherP7Git\MachineLearning\CST files\Wire_antenna_simple\Result\Shapes.con
D:\FurtherP7Git\MachineLearning\CST files\Wire_antenna_simple\Result\MCalc.fmp
D:\FurtherP7Git\MachineLearning\CST files\Wire_antenna_simple\Result\Model.fpc
D:\FurtherP7Git\MachineLearning\CST files\Wire_antenna_simple\Result\Ports.fpt
D:\FurtherP7Git\MachineLearning\CST files\Wire_antenna_simple\Result\Model.fwf
D:\FurtherP7Git\MachineLearning\CST files\Wire_antenna_simple\Result\Meta.m2h
D:\FurtherP7Git\MachineLearning\CST files\Wire_antenna_simple\Result\HexMatrix_MCalc.m2h
D:\FurtherP7Git\MachineLearning\CST files\Wire_antenna_simple\Result\S2HMatrix.m2h
D:\FurtherP7Git\MachineLearning\CST files\Wire_antenna_simple\Result\Meta.mat
D:\FurtherP7Git\MachineLearning\CST files\Wire_antenna_simple\Result\PEC.mat
D:\FurtherP7Git\MachineLearning\CST files\Wire_antenna_simple\Result\dsMCalc.mat
D:\FurtherP7Git\MachineLearning\CST files\Wire_antenna_simple\Result\MCalc.xcfd
D:\FurtherP7Git\MachineLearning\CST files\Wire_antenna_simple\Result\p^m.mem
D:\FurtherP7Git\MachineLearning\CST files\Wire_antenna_simple\Result\dsd.mat
D:\FurtherP7Git\MachineLearning\CST files\Wire_antenna_simple\Result\dA.mat
D:\FurtherP7Git\MachineLearning\CST files\Wire_antenna_simple\Result\ds.mat
D:\FurtherP7Git\MachineLearning\CST files\Wire_antenna_simple\Result\dad.mat
D:\FurtherP7Git\MachineLearning\CST files\Wire_antenna_simple\Result\HexMatrix.m2h
D:\FurtherP7Git\MachineLearning\CST files\Wire_antenna_simple\Result\Mue.mat
D:\FurtherP7Git\MachineLearning\CST files\Wire_antenna_simple\Result\Eps.mat
D:\FurtherP7Git\MachineLearning\CST files\Wire_antenna_simple\Result\s^pm.mem
Port:
D:\FurtherP7Git\MachineLearning\CST files\Wire_antenna_simple\Result\Model.pmi
