02/Nov/2023 14:58:42  *** Warning ***
                      
                      This software is licensed for educational purposes only.
                      
                      ------------------------------------------------------------------------------
02/Nov/2023 14:58:42  
                      Solver started at: 02:58 PM Thursday, 02. November 2023 (Rom, normaltid)
                      
                        Module:  Time Domain: S-Parameter (Win 64)
                        Version: 2021.5 Release from 2021-06-28 (change 882846)
                      

                      ------------------------------------------------------------------------------

                      ------------------------------------------------------------------------------
02/Nov/2023 14:58:42  ======================================================================
                       Solver cycle: 1
                      ======================================================================
                      
                      Stimulation at discrete port 1 
                      
                      
                      
                      ------------------------------------------------------------------------------
02/Nov/2023 14:58:43  Units settings: 
                      
                        Dimensions: mm
                        Frequency:  MHz
                        Time:       ns
                      
                      ------------------------------------------------------------------------------
02/Nov/2023 14:59:24  The following discrete edge port is only partially connected to metal material:
                      	1
                      
                      ------------------------------------------------------------------------------
02/Nov/2023 14:59:25  Mesh statistics:
                      
                         Hexahedral mesh type: PBA [Version: default]
                      
                         Parallelization type: domain decomposition
                            Number of parallel working threads: 6
                            Number of calculation domains used: 8
                      
                         Used point accuracy enhancement value: 0.00%.
                         PBA fill limit: 97.32% (inverse)

02/Nov/2023 14:59:31  Boundary conditions: 
                      
                        YZsymmetry: none
                        XZsymmetry: none
                        XYsymmetry: none
                      
                        Xmin: expanded open, 4 Layer, depth 24.7062 mm
                        Xmax: expanded open, 4 Layer, depth 24.7062 mm
                      
                        Ymin: expanded open, 4 Layer, depth 24.7062 mm
                        Ymax: expanded open, 4 Layer, depth 24.7062 mm
                      
                        Zmin: expanded open, 4 Layer, depth 24.625 mm
                        Zmax: expanded open, 4 Layer, depth 24.625 mm
                      
                        PML-Type: Convolution PML
                      
                      ------------------------------------------------------------------------------
02/Nov/2023 14:59:31  Frequency settings: 
                      
                        Fmin:         500
                        Fmax:         3000
                        Nfsteps(lin): 1001
                      
                      ------------------------------------------------------------------------------
02/Nov/2023 14:59:31  Field update statistics:
                      
                        Number of components in total: 	1631543
                        Number of TST elements:		238
                      
                      Subcycling state:      Automatically deactivated
                      
                      ------------------------------------------------------------------------------
02/Nov/2023 14:59:31  Port: 1
                      
02/Nov/2023 14:59:31    Discrete element, reference impedance = 50 Ohm
                      
                      ------------------------------------------------------------------------------
02/Nov/2023 15:01:22  
                      --------------------------------------------------------------------------------
02/Nov/2023 15:01:22  Steady state energy criterion met, solver finished successfully.
                      
                      ------------------------------------------------------------------------------
02/Nov/2023 15:01:22  Frequency domain results normalized to default signal.
                      
                      
                      ------------------------------------------------------------------------------
02/Nov/2023 15:01:22  
                        ----------------------------------------------------------------------------
                                            Peak memory used (kB)         Free physical memory (kB) 
                                                                          At begin     Minimum      
                        ----------------------------------------------------------------------------
                        CAD preparation     19436                         12699664     12699664     
                        Matrices calc.      232454                        12667968     12356445     
                        Solver run total    83868                         12715304     12453228     
                        ----------------------------------------------------------------------------
                      
                      --------------------------------------------------------------------------------
                      Solver Statistics:
                      
                        Hardware:
                           Computer name:                 	DESKTOP-JTEK0EI 
                      
                           Number of CPU threads:               4
                           Hardware info:                  	Hardware Accelerator Device not activated
                      
                        Number of mesh cells:             	265500
                        Excitation duration:              	2.84363900e+000 ns 
                        Calculation time for excitation:  	94 	s
                        Number of calculated pulse widths:	1.1317 
                        Steady state accuracy limit:      	-40	dB 
                        Simulated number of time steps:   	10904 
                        Maximum number of time steps:     	192701 
                        Time step width:
                           without subcycles:             	2.951342531e-004 ns
                           used:                          	2.951342531e-004 ns
                      
                        CAD preparation time:             	0      	s
                        Matrix calculation time:          	42 	s
                        Solver setup time:                	8 	s
                        Solver loop time:                 	106 	s
                        Solver post-processing time:      	1 	s
                                                          	------------
                        Total solver time:                	157 	s  ( = 0 h, 2 m, 37 s )
                      
                      ------------------------------------------------------------------------------
02/Nov/2023 15:01:22  
                        Adaptive port meshing time:          	0      	s
                        Total solver time (all cycles):      	157    	s  ( = 0 h, 2 m, 37 s )
                        solver initialization and clean-up:  	2      	s
                                                             	------------
                        Total simulation time:               	159    	s  ( = 0 h, 2 m, 39 s )
                      
                      ------------------------------------------------------------------------------
02/Nov/2023 15:01:22  Solver finished at: 03:01 PM Thursday, 02. November 2023
                      
                      
                      
                      ------------------------------------------------------------------------------
02/Nov/2023 15:01:24  Creating parametric 1D results for Run ID 1
                      
                      ------------------------------------------------------------------------------
