Post-processing Logfile 

----------------------------------------------------------------------------------------
Units settings: 

  Dimensions: mm
  Frequency:  MHz
  Time:       ns

----------------------------------------------------------------------------------------

Template based post-processing started at: 12:13 AM Monday, 18. December 2023

  Evaluating 'Directivity,Phi=0.0': 0.361 s
  Evaluating 'Directivity,Phi=45.0': 0.376 s
  Evaluating 'Directivity,Phi=90.0': 0.361 s
  Evaluating 'Directivity,Phi=135.0': 0.343 s
  Evaluating 'Directivity,Theta=0.0': 0.346 s
  Evaluating 'Directivity,Theta=45.0': 0.353 s
  Evaluating 'Directivity,Theta=90.0': 0.348 s
  Evaluating 'Directivity,Theta=135.0': 0.343 s
  Evaluating 'Efficiency': 0.071 s

  Total time: 3 s  ( = 0 h, 0 m, 3 s )

Template based post-processing finished at: 12:13 AM Monday, 18. December 2023
----------------------------------------------------------------------------------------
